2025-07-30T12:02:41.201+05:30  INFO 59919 --- [main] com.bookmyshow.BookMyShowApplication     : Starting BookMyShowApplication using Java 21.0.5 with PID 59919 (/Users/Aayush/Desktop/book-my-show-clone-newest/target/classes started by Aayush in /Users/Aayush/Desktop/book-my-show-clone-newest)
2025-07-30T12:02:41.203+05:30 DEBUG 59919 --- [main] com.bookmyshow.BookMyShowApplication     : Running with Spring Boot v3.3.1, Spring v6.1.10
2025-07-30T12:02:41.203+05:30  INFO 59919 --- [main] com.bookmyshow.BookMyShowApplication     : No active profile set, falling back to 1 default profile: "default"
2025-07-30T12:02:42.169+05:30  INFO 59919 --- [main] .s.d.r.c.RepositoryConfigurationDelegate : Bootstrapping Spring Data JPA repositories in DEFAULT mode.
2025-07-30T12:02:42.266+05:30  INFO 59919 --- [main] .s.d.r.c.RepositoryConfigurationDelegate : Finished Spring Data repository scanning in 85 ms. Found 9 JPA repository interfaces.
2025-07-30T12:02:43.181+05:30  INFO 59919 --- [main] o.s.b.w.embedded.tomcat.TomcatWebServer  : Tomcat initialized with port 8080 (http)
2025-07-30T12:02:43.200+05:30  INFO 59919 --- [main] o.apache.catalina.core.StandardService   : Starting service [Tomcat]
2025-07-30T12:02:43.201+05:30  INFO 59919 --- [main] o.apache.catalina.core.StandardEngine    : Starting Servlet engine: [Apache Tomcat/10.1.25]
2025-07-30T12:02:43.319+05:30  INFO 59919 --- [main] o.a.c.c.C.[Tomcat].[localhost].[/]       : Initializing Spring embedded WebApplicationContext
2025-07-30T12:02:43.319+05:30  INFO 59919 --- [main] w.s.c.ServletWebServerApplicationContext : Root WebApplicationContext: initialization completed in 2074 ms
2025-07-30T12:02:43.617+05:30  INFO 59919 --- [main] o.hibernate.jpa.internal.util.LogHelper  : HHH000204: Processing PersistenceUnitInfo [name: default]
2025-07-30T12:02:43.676+05:30  INFO 59919 --- [main] org.hibernate.Version                    : HHH000412: Hibernate ORM core version 6.5.2.Final
2025-07-30T12:02:43.708+05:30  INFO 59919 --- [main] o.h.c.internal.RegionFactoryInitiator    : HHH000026: Second-level cache disabled
2025-07-30T12:02:44.000+05:30  INFO 59919 --- [main] o.s.o.j.p.SpringPersistenceUnitInfo      : No LoadTimeWeaver setup: ignoring JPA class transformer
2025-07-30T12:02:44.052+05:30  INFO 59919 --- [main] com.zaxxer.hikari.HikariDataSource       : HikariPool-1 - Starting...
2025-07-30T12:02:46.636+05:30  INFO 59919 --- [main] com.zaxxer.hikari.pool.HikariPool        : HikariPool-1 - Added connection com.mysql.cj.jdbc.ConnectionImpl@154b0748
2025-07-30T12:02:46.639+05:30  INFO 59919 --- [main] com.zaxxer.hikari.HikariDataSource       : HikariPool-1 - Start completed.
2025-07-30T12:02:46.896+05:30  WARN 59919 --- [main] org.hibernate.orm.deprecation            : HHH90000025: MySQL8Dialect does not need to be specified explicitly using 'hibernate.dialect' (remove the property setting and it will be selected by default)
2025-07-30T12:02:46.896+05:30  WARN 59919 --- [main] org.hibernate.orm.deprecation            : HHH90000026: MySQL8Dialect has been deprecated; use org.hibernate.dialect.MySQLDialect instead
2025-07-30T12:02:48.163+05:30  INFO 59919 --- [main] o.h.e.t.j.p.i.JtaPlatformInitiator       : HHH000489: No JTA platform available (set 'hibernate.transaction.jta.platform' to enable JTA platform integration)
2025-07-30T12:02:48.930+05:30 DEBUG 59919 --- [main] org.hibernate.SQL                        : alter table reviews modify column comment TEXT
2025-07-30T12:02:56.797+05:30  INFO 59919 --- [main] j.LocalContainerEntityManagerFactoryBean : Initialized JPA EntityManagerFactory for persistence unit 'default'
2025-07-30T12:02:57.155+05:30 DEBUG 59919 --- [main] com.bookmyshow.Config.JwtAuthFilter      : Filter 'jwtAuthFilter' configured for use
2025-07-30T12:02:57.231+05:30  INFO 59919 --- [main] eAuthenticationProviderManagerConfigurer : Global AuthenticationManager configured with AuthenticationProvider bean with name authenticationProvider
2025-07-30T12:02:57.232+05:30  WARN 59919 --- [main] r$InitializeUserDetailsManagerConfigurer : Global AuthenticationManager configured with an AuthenticationProvider bean. UserDetailsService beans will not be used for username/password login. Consider removing the AuthenticationProvider bean. Alternatively, consider using the UserDetailsService in a manually instantiated DaoAuthenticationProvider.
2025-07-30T12:02:57.290+05:30  INFO 59919 --- [main] o.s.d.j.r.query.QueryEnhancerFactory     : Hibernate is in classpath; If applicable, HQL parser will be used.
2025-07-30T12:02:57.914+05:30  WARN 59919 --- [main] JpaBaseConfiguration$JpaWebConfiguration : spring.jpa.open-in-view is enabled by default. Therefore, database queries may be performed during view rendering. Explicitly configure spring.jpa.open-in-view to disable this warning
2025-07-30T12:02:58.342+05:30  INFO 59919 --- [main] o.s.b.a.e.web.EndpointLinksResolver      : Exposing 1 endpoint beneath base path '/actuator'
2025-07-30T12:02:58.835+05:30  INFO 59919 --- [main] o.s.b.w.embedded.tomcat.TomcatWebServer  : Tomcat started on port 8080 (http) with context path '/'
2025-07-30T12:02:58.847+05:30  INFO 59919 --- [main] com.bookmyshow.BookMyShowApplication     : Started BookMyShowApplication in 18.101 seconds (process running for 18.603)
2025-07-30T12:16:12.694+05:30  INFO 59919 --- [SpringApplicationShutdownHook] j.LocalContainerEntityManagerFactoryBean : Closing JPA EntityManagerFactory for persistence unit 'default'
2025-07-30T12:16:12.700+05:30  INFO 59919 --- [SpringApplicationShutdownHook] com.zaxxer.hikari.HikariDataSource       : HikariPool-1 - Shutdown initiated...
2025-07-30T12:16:14.660+05:30  INFO 59919 --- [SpringApplicationShutdownHook] com.zaxxer.hikari.HikariDataSource       : HikariPool-1 - Shutdown completed.
